<?xml version="1.0" encoding="UTF-8"?>
<!-- Generated by org.testng.reporters.JUnitReportReporter -->
<testsuite hostname="BSC-PG01Y4NA" failures="0" tests="6" name="com.tgs.test.ElementsTest" time="8.288" errors="0" timestamp="2022-11-17T12:42:07 IST" skipped="0">
  <testcase classname="com.tgs.test.ElementsTest" name="TC02" time="0.356"/>
  <system-out/>
  <testcase classname="com.tgs.test.ElementsTest" name="TC07" time="2.171"/>
  <system-out/>
  <testcase classname="com.tgs.test.ElementsTest" name="TC01" time="0.393"/>
  <system-out/>
  <testcase classname="com.tgs.test.ElementsTest" name="TC03_04" time="0.994"/>
  <system-out/>
  <testcase classname="com.tgs.test.ElementsTest" name="TC05" time="2.234"/>
  <system-out/>
  <testcase classname="com.tgs.test.ElementsTest" name="TC06" time="2.140"/>
  <system-out/>
</testsuite> <!-- com.tgs.test.ElementsTest -->
