<?xml version="1.0" encoding="UTF-8"?>
<!-- Generated by org.testng.reporters.JUnitReportReporter -->
<testsuite hostname="BSC-PG01Y4NA" failures="0" tests="1" name="com.tgs.test.CrossBrowserTesting" time="9.065" errors="0" timestamp="2022-11-14T19:30:29 IST" skipped="0">
  <testcase classname="com.tgs.test.CrossBrowserTesting" name="TC01_validateDemoQATitle" time="9.065"/>
  <system-out/>
</testsuite> <!-- com.tgs.test.CrossBrowserTesting -->
