<?xml version="1.0" encoding="UTF-8"?>
<!-- Generated by org.testng.reporters.JUnitReportReporter -->
<testsuite hostname="BSC-PG01Y4NA" failures="0" tests="2" name="com.tgs.test.AutomationPracticeFormTest" time="12.431" errors="0" timestamp="2022-11-14T19:49:40 IST" skipped="0">
  <testcase classname="com.tgs.test.AutomationPracticeFormTest" name="TC02" time="7.061"/>
  <system-out/>
  <testcase classname="com.tgs.test.AutomationPracticeFormTest" name="TC01" time="5.370"/>
  <system-out/>
</testsuite> <!-- com.tgs.test.AutomationPracticeFormTest -->
