<?xml version="1.0" encoding="UTF-8"?>
<!-- Generated by org.testng.reporters.JUnitReportReporter -->
<testsuite hostname="BSC-PG01Y4NA" failures="0" tests="2" name="com.tgs.test.TestBrowserLevelAPI" time="9.894" errors="0" timestamp="2022-11-17T12:05:52 IST" skipped="0">
  <testcase classname="com.tgs.test.TestBrowserLevelAPI" name="maximizeAndGoToURL" time="7.550"/>
  <system-out/>
  <testcase classname="com.tgs.test.TestBrowserLevelAPI" name="maximizeGotoAndBack" time="2.344"/>
  <system-out/>
</testsuite> <!-- com.tgs.test.TestBrowserLevelAPI -->
