<?xml version="1.0" encoding="UTF-8"?>
<!-- Generated by org.testng.reporters.JUnitReportReporter -->
<testsuite hostname="BSC-PG01Y4NA" failures="0" tests="2" name="com.tgs.test.WebTableTest" time="11.015" errors="0" timestamp="2022-11-30T11:18:27 IST" skipped="0">
  <testcase classname="com.tgs.test.WebTableTest" name="verify1stRow4thCol" time="4.392"/>
  <system-out/>
  <testcase classname="com.tgs.test.WebTableTest" name="delete3rdRow" time="6.623"/>
  <system-out/>
</testsuite> <!-- com.tgs.test.WebTableTest -->
